[dotenv@17.2.3] injecting env (9) from .env -- tip: 🛠️  run anywhere with `dotenvx run -- yourcommand`
[payout] config { apply: true, limit: 0, batchSize: 50, concurrency: 10 }
Connecting to MongoDB...
Connected.
No unpaid matches found.
Disconnected from MongoDB.
[dotenv@17.2.3] injecting env (9) from .env -- tip: ⚙️  load multiple .env files with { path: ['.env.local', '.env'] }
[payout] config { apply: true, limit: 0, batchSize: 50, concurrency: 10 }
Connecting to MongoDB...
Connected.
No unpaid matches found.
Disconnected from MongoDB.
[dotenv@17.2.3] injecting env (9) from .env -- tip: 🔑 add access controls to secrets: https://dotenvx.com/ops
[payout] config { apply: true, limit: 0, batchSize: 50, concurrency: 10 }
Connecting to MongoDB...
Connected.
No unpaid matches found.
Disconnected from MongoDB.
[dotenv@17.2.3] injecting env (9) from .env -- tip: ⚙️  suppress all logs with { quiet: true }
[payout] config { apply: true, limit: 0, batchSize: 50, concurrency: 10 }
Connecting to MongoDB...
Connected.
No unpaid matches found.
Disconnected from MongoDB.
[dotenv@17.2.3] injecting env (9) from .env -- tip: ⚙️  specify custom .env file path with { path: '/custom/path/.env' }
[payout] config { apply: true, limit: 0, batchSize: 50, concurrency: 10 }
Connecting to MongoDB...
Connected.
No unpaid matches found.
Disconnected from MongoDB.
[dotenv@17.2.3] injecting env (9) from .env -- tip: ⚙️  write to custom object with { processEnv: myObject }
[payout] config { apply: true, limit: 0, batchSize: 50, concurrency: 10 }
Connecting to MongoDB...
Connected.
No unpaid matches found.
Disconnected from MongoDB.
[dotenv@17.2.3] injecting env (9) from .env -- tip: 🔄 add secrets lifecycle management: https://dotenvx.com/ops
[payout] config { apply: true, limit: 0, batchSize: 50, concurrency: 10 }
Connecting to MongoDB...
Connected.
No unpaid matches found.
Disconnected from MongoDB.
[dotenv@17.2.3] injecting env (9) from .env -- tip: 🔐 encrypt with Dotenvx: https://dotenvx.com
[payout] config { apply: true, limit: 0, batchSize: 50, concurrency: 10 }
Connecting to MongoDB...
Connected.
No unpaid matches found.
Disconnected from MongoDB.
[dotenv@17.2.3] injecting env (9) from .env -- tip: ⚙️  enable debug logging with { debug: true }
[payout] config { apply: true, limit: 0, batchSize: 50, concurrency: 10 }
Connecting to MongoDB...
Connected.
No unpaid matches found.
Disconnected from MongoDB.
[dotenv@17.2.3] injecting env (9) from .env -- tip: 🔐 encrypt with Dotenvx: https://dotenvx.com
[payout] config { apply: true, limit: 0, batchSize: 50, concurrency: 10 }
Connecting to MongoDB...
Connected.
No unpaid matches found.
Disconnected from MongoDB.
[dotenv@17.2.3] injecting env (9) from .env -- tip: ⚙️  override existing env vars with { override: true }
[payout] config { apply: true, limit: 0, batchSize: 50, concurrency: 10 }
Connecting to MongoDB...
Connected.
No unpaid matches found.
Disconnected from MongoDB.
[dotenv@17.2.3] injecting env (9) from .env -- tip: ⚙️  suppress all logs with { quiet: true }
[payout] config { apply: true, limit: 0, batchSize: 50, concurrency: 10 }
Connecting to MongoDB...
Connected.
No unpaid matches found.
Disconnected from MongoDB.
[dotenv@17.2.3] injecting env (9) from .env -- tip: ⚙️  write to custom object with { processEnv: myObject }
[payout] config { apply: true, limit: 0, batchSize: 50, concurrency: 10 }
Connecting to MongoDB...
Connected.
No unpaid matches found.
Disconnected from MongoDB.
[dotenv@17.2.3] injecting env (9) from .env -- tip: ⚙️  override existing env vars with { override: true }
[payout] config { apply: true, limit: 0, batchSize: 50, concurrency: 10 }
Connecting to MongoDB...
Connected.
No unpaid matches found.
Disconnected from MongoDB.
[dotenv@17.2.3] injecting env (9) from .env -- tip: ⚙️  suppress all logs with { quiet: true }
[payout] config { apply: true, limit: 0, batchSize: 50, concurrency: 10 }
Connecting to MongoDB...
Connected.
No unpaid matches found.
Disconnected from MongoDB.
[dotenv@17.2.3] injecting env (9) from .env -- tip: 🔑 add access controls to secrets: https://dotenvx.com/ops
[payout] config { apply: true, limit: 0, batchSize: 50, concurrency: 10 }
Connecting to MongoDB...
Connected.
No unpaid matches found.
Disconnected from MongoDB.
